<?xml version="1.0" encoding="UTF-8"?>
<testsuite xmlns:xsi="http://www.w3.org/2001/XMLSchema-instance" xsi:noNamespaceSchemaLocation="https://maven.apache.org/surefire/maven-surefire-plugin/xsd/surefire-test-report.xsd" version="3.0.2" name="mainFiles.BigProjectApplicationTests" time="0.995" tests="1" errors="0" skipped="0" failures="0">
  <properties>
[...]
</properties>
  <testcase name="contextLoads" classname="mainFiles.BigProjectApplicationTests" time="0.481">
    <system-out><![CDATA[14:20:11.261 [main] INFO org.springframework.test.context.support.AnnotationConfigContextLoaderUtils -- Could not detect default configuration classes for test class [mainFiles.BigProjectApplicationTests]: BigProjectApplicationTests does not declare any static, non-private, non-final, nested classes annotated with @Configuration.
14:20:11.316 [main] INFO org.springframework.boot.test.context.SpringBootTestContextBootstrapper -- Found @SpringBootConfiguration mainFiles.BigProjectApplication for test class mainFiles.BigProjectApplicationTests

  .   ____          _            __ _ _
 /\\ / ___'_ __ _ _(_)_ __  __ _ \ \ \ \
( ( )\___ | '_ | '_| | '_ \/ _` | \ \ \ \
 \\/  ___)| |_)| | | | | || (_| |  ) ) ) )
  '  |____| .__|_| |_|_| |_\__, | / / / /
 =========|_|==============|___/=/_/_/_/

 :: Spring Boot ::                (v3.5.5)

2025-09-30T14:20:11.502Z  INFO 22596 --- [BigProject] [           main] mainFiles.BigProjectApplicationTests     : Starting BigProjectApplicationTests using Java 23.0.2 with PID 22596 (started by sturlaingason in /Users/sturlaingason/Documents/HI/Haust_2025/Hugbunadarverkefni_1/Lokaverkefni_hugbunadarverkefni)
2025-09-30T14:20:11.503Z  INFO 22596 --- [BigProject] [           main] mainFiles.BigProjectApplicationTests     : No active profile set, falling back to 1 default profile: "default"
2025-09-30T14:20:11.694Z  INFO 22596 --- [BigProject] [           main] mainFiles.BigProjectApplicationTests     : Started BigProjectApplicationTests in 0.315 seconds (process running for 0.775)
]]></system-out>
    <system-err><![CDATA[Mockito is currently self-attaching to enable the inline-mock-maker. This will no longer work in future releases of the JDK. Please add Mockito as an agent to your build as described in Mockito's documentation: https://javadoc.io/doc/org.mockito/mockito-core/latest/org.mockito/org/mockito/Mockito.html#0.3
WARNING: A Java agent has been loaded dynamically (/Users/sturlaingason/.m2/repository/net/bytebuddy/byte-buddy-agent/1.17.7/byte-buddy-agent-1.17.7.jar)
WARNING: If a serviceability tool is in use, please run with -XX:+EnableDynamicAgentLoading to hide this warning
WARNING: If a serviceability tool is not in use, please run with -Djdk.instrument.traceUsage for more information
WARNING: Dynamic loading of agents will be disallowed by default in a future release
]]></system-err>
  </testcase>
</testsuite>